Determining if the pthread_create exist failed with the following output:
Change Dir: /home/momo/catkin_ws/build/CMakeFiles/CMakeTmp

Run Build Command:"/usr/bin/make" "cmTC_8b8fa/fast"
/usr/bin/make -f CMakeFiles/cmTC_8b8fa.dir/build.make CMakeFiles/cmTC_8b8fa.dir/build
make[1]: Entering directory '/home/momo/catkin_ws/build/CMakeFiles/CMakeTmp'
Building C object CMakeFiles/cmTC_8b8fa.dir/CheckSymbolExists.c.o
/usr/bin/cc     -o CMakeFiles/cmTC_8b8fa.dir/CheckSymbolExists.c.o   -c /home/momo/catkin_ws/build/CMakeFiles/CMakeTmp/CheckSymbolExists.c
Linking C executable cmTC_8b8fa
/usr/bin/cmake -E cmake_link_script CMakeFiles/cmTC_8b8fa.dir/link.txt --verbose=1
/usr/bin/cc       CMakeFiles/cmTC_8b8fa.dir/CheckSymbolExists.c.o  -o cmTC_8b8fa -rdynamic 
CMakeFiles/cmTC_8b8fa.dir/CheckSymbolExists.c.o: In function `main':
CheckSymbolExists.c:(.text+0x16): undefined reference to `pthread_create'
collect2: error: ld returned 1 exit status
CMakeFiles/cmTC_8b8fa.dir/build.make:97: recipe for target 'cmTC_8b8fa' failed
make[1]: *** [cmTC_8b8fa] Error 1
make[1]: Leaving directory '/home/momo/catkin_ws/build/CMakeFiles/CMakeTmp'
Makefile:126: recipe for target 'cmTC_8b8fa/fast' failed
make: *** [cmTC_8b8fa/fast] Error 2

File /home/momo/catkin_ws/build/CMakeFiles/CMakeTmp/CheckSymbolExists.c:
/* */
#include <pthread.h>

int main(int argc, char** argv)
{
  (void)argv;
#ifndef pthread_create
  return ((int*)(&pthread_create))[argc];
#else
  (void)argc;
  return 0;
#endif
}

Determining if the function pthread_create exists in the pthreads failed with the following output:
Change Dir: /home/momo/catkin_ws/build/CMakeFiles/CMakeTmp

Run Build Command:"/usr/bin/make" "cmTC_3a55b/fast"
/usr/bin/make -f CMakeFiles/cmTC_3a55b.dir/build.make CMakeFiles/cmTC_3a55b.dir/build
make[1]: Entering directory '/home/momo/catkin_ws/build/CMakeFiles/CMakeTmp'
Building C object CMakeFiles/cmTC_3a55b.dir/CheckFunctionExists.c.o
/usr/bin/cc    -DCHECK_FUNCTION_EXISTS=pthread_create   -o CMakeFiles/cmTC_3a55b.dir/CheckFunctionExists.c.o   -c /usr/share/cmake-3.5/Modules/CheckFunctionExists.c
Linking C executable cmTC_3a55b
/usr/bin/cmake -E cmake_link_script CMakeFiles/cmTC_3a55b.dir/link.txt --verbose=1
/usr/bin/cc   -DCHECK_FUNCTION_EXISTS=pthread_create    CMakeFiles/cmTC_3a55b.dir/CheckFunctionExists.c.o  -o cmTC_3a55b -rdynamic -lpthreads 
/usr/bin/ld: cannot find -lpthreads
collect2: error: ld returned 1 exit status
CMakeFiles/cmTC_3a55b.dir/build.make:97: recipe for target 'cmTC_3a55b' failed
make[1]: *** [cmTC_3a55b] Error 1
make[1]: Leaving directory '/home/momo/catkin_ws/build/CMakeFiles/CMakeTmp'
Makefile:126: recipe for target 'cmTC_3a55b/fast' failed
make: *** [cmTC_3a55b/fast] Error 2


